<?xml version="1.0" encoding="utf-8" standalone="no"?>
<test-run id="2" testcasecount="52" result="Passed" total="52" passed="52" failed="0" inconclusive="0" skipped="0" asserts="66" engine-version="3.10.0.0" clr-version="4.0.30319.42000" start-time="2019-08-05 08:54:45Z" end-time="2019-08-05 08:54:47Z" duration="1.886955">
  <command-line><![CDATA[nunit3-console.exe  ..\..\..\ProjectManager.Tests\bin\Debug\ProjectManager.Tests.dll]]></command-line>
  <test-suite type="Assembly" id="0-1055" name="ProjectManager.Tests.dll" fullname="ProjectManager.Tests.dll" runstate="Runnable" testcasecount="52" result="Passed" start-time="2019-08-05 08:54:46Z" end-time="2019-08-05 08:54:47Z" duration="0.890766" total="52" passed="52" failed="0" warnings="0" inconclusive="0" skipped="0" asserts="66">
    <environment framework-version="3.11.0.0" clr-version="4.0.30319.42000" os-version="Microsoft Windows NT 10.0.10240.0" platform="Win32NT" cwd="C:\Subrata\Subrata\FSE_260153\01_Middle_Tier_Layer\ProjectManager\packages\NUnit.ConsoleRunner.3.10.0\tools" machine-name="DOTNET" user="Admin" user-domain="DOTNET" culture="en-IN" uiculture="en-US" os-architecture="x64" />
    <settings>
      <setting name="DisposeRunners" value="True" />
      <setting name="WorkDirectory" value="C:\Subrata\Subrata\FSE_260153\01_Middle_Tier_Layer\ProjectManager\packages\NUnit.ConsoleRunner.3.10.0\tools" />
      <setting name="ImageRuntimeVersion" value="4.0.30319" />
      <setting name="ImageTargetFrameworkName" value=".NETFramework,Version=v4.6.1" />
      <setting name="ImageRequiresX86" value="False" />
      <setting name="ImageRequiresDefaultAppDomainAssemblyResolver" value="False" />
      <setting name="NumberOfTestWorkers" value="4" />
    </settings>
    <properties>
      <property name="_PID" value="7348" />
      <property name="_APPDOMAIN" value="domain-" />
    </properties>
    <test-suite type="TestSuite" id="0-1056" name="ProjectManager" fullname="ProjectManager" runstate="Runnable" testcasecount="52" result="Passed" start-time="2019-08-05 08:54:46Z" end-time="2019-08-05 08:54:47Z" duration="0.859498" total="52" passed="52" failed="0" warnings="0" inconclusive="0" skipped="0" asserts="66">
      <test-suite type="TestSuite" id="0-1057" name="Test" fullname="ProjectManager.Test" runstate="Runnable" testcasecount="52" result="Passed" start-time="2019-08-05 08:54:46Z" end-time="2019-08-05 08:54:47Z" duration="0.858918" total="52" passed="52" failed="0" warnings="0" inconclusive="0" skipped="0" asserts="66">
        <test-suite type="TestFixture" id="0-1000" name="ProjectControllerTest" fullname="ProjectManager.Test.ProjectControllerTest" classname="ProjectManager.Test.ProjectControllerTest" runstate="Runnable" testcasecount="17" result="Passed" start-time="2019-08-05 08:54:46Z" end-time="2019-08-05 08:54:47Z" duration="0.690319" total="17" passed="17" failed="0" warnings="0" inconclusive="0" skipped="0" asserts="19">
          <test-case id="0-1017" name="TestDeleteProject_CompletedTasksGreater" fullname="ProjectManager.Test.ProjectControllerTest.TestDeleteProject_CompletedTasksGreater" methodname="TestDeleteProject_CompletedTasksGreater" classname="ProjectManager.Test.ProjectControllerTest" runstate="Runnable" seed="2086525867" result="Passed" start-time="2019-08-05 08:54:46Z" end-time="2019-08-05 08:54:46Z" duration="0.567549" asserts="1" />
          <test-case id="0-1014" name="TestDeleteProject_NegativeProjectId" fullname="ProjectManager.Test.ProjectControllerTest.TestDeleteProject_NegativeProjectId" methodname="TestDeleteProject_NegativeProjectId" classname="ProjectManager.Test.ProjectControllerTest" runstate="Runnable" seed="503132158" result="Passed" start-time="2019-08-05 08:54:46Z" end-time="2019-08-05 08:54:46Z" duration="0.001708" asserts="1" />
          <test-case id="0-1016" name="TestDeleteProject_NegativeProjectIdInUser" fullname="ProjectManager.Test.ProjectControllerTest.TestDeleteProject_NegativeProjectIdInUser" methodname="TestDeleteProject_NegativeProjectIdInUser" classname="ProjectManager.Test.ProjectControllerTest" runstate="Runnable" seed="646825862" result="Passed" start-time="2019-08-05 08:54:46Z" end-time="2019-08-05 08:54:46Z" duration="0.001157" asserts="1" />
          <test-case id="0-1013" name="TestDeleteProject_NoProjectAsParameter" fullname="ProjectManager.Test.ProjectControllerTest.TestDeleteProject_NoProjectAsParameter" methodname="TestDeleteProject_NoProjectAsParameter" classname="ProjectManager.Test.ProjectControllerTest" runstate="Runnable" seed="465226518" result="Passed" start-time="2019-08-05 08:54:46Z" end-time="2019-08-05 08:54:46Z" duration="0.001075" asserts="1" />
          <test-case id="0-1015" name="TestDeleteProject_UserNullInProject" fullname="ProjectManager.Test.ProjectControllerTest.TestDeleteProject_UserNullInProject" methodname="TestDeleteProject_UserNullInProject" classname="ProjectManager.Test.ProjectControllerTest" runstate="Runnable" seed="258657122" result="Passed" start-time="2019-08-05 08:54:46Z" end-time="2019-08-05 08:54:46Z" duration="0.001055" asserts="1" />
          <test-case id="0-1002" name="TestDeleteProjects_Success" fullname="ProjectManager.Test.ProjectControllerTest.TestDeleteProjects_Success" methodname="TestDeleteProjects_Success" classname="ProjectManager.Test.ProjectControllerTest" runstate="Runnable" seed="1163198175" result="Passed" start-time="2019-08-05 08:54:46Z" end-time="2019-08-05 08:54:47Z" duration="0.083269" asserts="2" />
          <test-case id="0-1007" name="TestInsertProject_CompletedTasksGreater" fullname="ProjectManager.Test.ProjectControllerTest.TestInsertProject_CompletedTasksGreater" methodname="TestInsertProject_CompletedTasksGreater" classname="ProjectManager.Test.ProjectControllerTest" runstate="Runnable" seed="1086978865" result="Passed" start-time="2019-08-05 08:54:47Z" end-time="2019-08-05 08:54:47Z" duration="0.001534" asserts="1" />
          <test-case id="0-1004" name="TestInsertProject_NegativeProjectId" fullname="ProjectManager.Test.ProjectControllerTest.TestInsertProject_NegativeProjectId" methodname="TestInsertProject_NegativeProjectId" classname="ProjectManager.Test.ProjectControllerTest" runstate="Runnable" seed="650258960" result="Passed" start-time="2019-08-05 08:54:47Z" end-time="2019-08-05 08:54:47Z" duration="0.000986" asserts="1" />
          <test-case id="0-1006" name="TestInsertProject_NegativeProjectIdInUser" fullname="ProjectManager.Test.ProjectControllerTest.TestInsertProject_NegativeProjectIdInUser" methodname="TestInsertProject_NegativeProjectIdInUser" classname="ProjectManager.Test.ProjectControllerTest" runstate="Runnable" seed="1716963431" result="Passed" start-time="2019-08-05 08:54:47Z" end-time="2019-08-05 08:54:47Z" duration="0.000945" asserts="1" />
          <test-case id="0-1003" name="TestInsertProject_NoProjectAsParameter" fullname="ProjectManager.Test.ProjectControllerTest.TestInsertProject_NoProjectAsParameter" methodname="TestInsertProject_NoProjectAsParameter" classname="ProjectManager.Test.ProjectControllerTest" runstate="Runnable" seed="400017791" result="Passed" start-time="2019-08-05 08:54:47Z" end-time="2019-08-05 08:54:47Z" duration="0.000738" asserts="1" />
          <test-case id="0-1005" name="TestInsertProject_UserNullInProject" fullname="ProjectManager.Test.ProjectControllerTest.TestInsertProject_UserNullInProject" methodname="TestInsertProject_UserNullInProject" classname="ProjectManager.Test.ProjectControllerTest" runstate="Runnable" seed="41864002" result="Passed" start-time="2019-08-05 08:54:47Z" end-time="2019-08-05 08:54:47Z" duration="0.001120" asserts="1" />
          <test-case id="0-1012" name="TestUpdateProject_CompletedTasksGreater" fullname="ProjectManager.Test.ProjectControllerTest.TestUpdateProject_CompletedTasksGreater" methodname="TestUpdateProject_CompletedTasksGreater" classname="ProjectManager.Test.ProjectControllerTest" runstate="Runnable" seed="1348570631" result="Passed" start-time="2019-08-05 08:54:47Z" end-time="2019-08-05 08:54:47Z" duration="0.001312" asserts="1" />
          <test-case id="0-1009" name="TestUpdateProject_NegativeProjectId" fullname="ProjectManager.Test.ProjectControllerTest.TestUpdateProject_NegativeProjectId" methodname="TestUpdateProject_NegativeProjectId" classname="ProjectManager.Test.ProjectControllerTest" runstate="Runnable" seed="1314562440" result="Passed" start-time="2019-08-05 08:54:47Z" end-time="2019-08-05 08:54:47Z" duration="0.000902" asserts="1" />
          <test-case id="0-1011" name="TestUpdateProject_NegativeProjectIdInUser" fullname="ProjectManager.Test.ProjectControllerTest.TestUpdateProject_NegativeProjectIdInUser" methodname="TestUpdateProject_NegativeProjectIdInUser" classname="ProjectManager.Test.ProjectControllerTest" runstate="Runnable" seed="283604109" result="Passed" start-time="2019-08-05 08:54:47Z" end-time="2019-08-05 08:54:47Z" duration="0.000871" asserts="1" />
          <test-case id="0-1008" name="TestUpdateProject_NoProjectAsParameter" fullname="ProjectManager.Test.ProjectControllerTest.TestUpdateProject_NoProjectAsParameter" methodname="TestUpdateProject_NoProjectAsParameter" classname="ProjectManager.Test.ProjectControllerTest" runstate="Runnable" seed="1685530845" result="Passed" start-time="2019-08-05 08:54:47Z" end-time="2019-08-05 08:54:47Z" duration="0.000646" asserts="1" />
          <test-case id="0-1010" name="TestUpdateProject_UserNullInProject" fullname="ProjectManager.Test.ProjectControllerTest.TestUpdateProject_UserNullInProject" methodname="TestUpdateProject_UserNullInProject" classname="ProjectManager.Test.ProjectControllerTest" runstate="Runnable" seed="1443783637" result="Passed" start-time="2019-08-05 08:54:47Z" end-time="2019-08-05 08:54:47Z" duration="0.000845" asserts="1" />
          <test-case id="0-1001" name="TestUpdateProjects_Success" fullname="ProjectManager.Test.ProjectControllerTest.TestUpdateProjects_Success" methodname="TestUpdateProjects_Success" classname="ProjectManager.Test.ProjectControllerTest" runstate="Runnable" seed="1657081323" result="Passed" start-time="2019-08-05 08:54:47Z" end-time="2019-08-05 08:54:47Z" duration="0.010985" asserts="2" />
        </test-suite>
        <test-suite type="TestFixture" id="0-1018" name="TaskControllerTest" fullname="ProjectManager.Test.TaskControllerTest" classname="ProjectManager.Test.TaskControllerTest" runstate="Runnable" testcasecount="18" result="Passed" start-time="2019-08-05 08:54:47Z" end-time="2019-08-05 08:54:47Z" duration="0.131925" total="18" passed="18" failed="0" warnings="0" inconclusive="0" skipped="0" asserts="26">
          <test-case id="0-1022" name="TestDeleteProjects_Success" fullname="ProjectManager.Test.TaskControllerTest.TestDeleteProjects_Success" methodname="TestDeleteProjects_Success" classname="ProjectManager.Test.TaskControllerTest" runstate="Runnable" seed="515829700" result="Passed" start-time="2019-08-05 08:54:47Z" end-time="2019-08-05 08:54:47Z" duration="0.012791" asserts="2" />
          <test-case id="0-1035" name="TestDeleteTask_NegativeProjectId" fullname="ProjectManager.Test.TaskControllerTest.TestDeleteTask_NegativeProjectId" methodname="TestDeleteTask_NegativeProjectId" classname="ProjectManager.Test.TaskControllerTest" runstate="Runnable" seed="1495061966" result="Passed" start-time="2019-08-05 08:54:47Z" end-time="2019-08-05 08:54:47Z" duration="0.000653" asserts="1" />
          <test-case id="0-1036" name="TestDeleteTask_NegativeTaskId" fullname="ProjectManager.Test.TaskControllerTest.TestDeleteTask_NegativeTaskId" methodname="TestDeleteTask_NegativeTaskId" classname="ProjectManager.Test.TaskControllerTest" runstate="Runnable" seed="664977084" result="Passed" start-time="2019-08-05 08:54:47Z" end-time="2019-08-05 08:54:47Z" duration="0.007266" asserts="1" />
          <test-case id="0-1034" name="TestDeleteTask_NegativeTaskParentId" fullname="ProjectManager.Test.TaskControllerTest.TestDeleteTask_NegativeTaskParentId" methodname="TestDeleteTask_NegativeTaskParentId" classname="ProjectManager.Test.TaskControllerTest" runstate="Runnable" seed="1043043875" result="Passed" start-time="2019-08-05 08:54:47Z" end-time="2019-08-05 08:54:47Z" duration="0.000986" asserts="1" />
          <test-case id="0-1033" name="TestDeleteTask_NullTaskObject" fullname="ProjectManager.Test.TaskControllerTest.TestDeleteTask_NullTaskObject" methodname="TestDeleteTask_NullTaskObject" classname="ProjectManager.Test.TaskControllerTest" runstate="Runnable" seed="836830209" result="Passed" start-time="2019-08-05 08:54:47Z" end-time="2019-08-05 08:54:47Z" duration="0.000839" asserts="1" />
          <test-case id="0-1027" name="TestInsertTask_NegativeProjectId" fullname="ProjectManager.Test.TaskControllerTest.TestInsertTask_NegativeProjectId" methodname="TestInsertTask_NegativeProjectId" classname="ProjectManager.Test.TaskControllerTest" runstate="Runnable" seed="838985622" result="Passed" start-time="2019-08-05 08:54:47Z" end-time="2019-08-05 08:54:47Z" duration="0.001602" asserts="1" />
          <test-case id="0-1028" name="TestInsertTask_NegativeTaskId" fullname="ProjectManager.Test.TaskControllerTest.TestInsertTask_NegativeTaskId" methodname="TestInsertTask_NegativeTaskId" classname="ProjectManager.Test.TaskControllerTest" runstate="Runnable" seed="79848477" result="Passed" start-time="2019-08-05 08:54:47Z" end-time="2019-08-05 08:54:47Z" duration="0.001839" asserts="1" />
          <test-case id="0-1026" name="TestInsertTask_NegativeTaskParentId" fullname="ProjectManager.Test.TaskControllerTest.TestInsertTask_NegativeTaskParentId" methodname="TestInsertTask_NegativeTaskParentId" classname="ProjectManager.Test.TaskControllerTest" runstate="Runnable" seed="2143442253" result="Passed" start-time="2019-08-05 08:54:47Z" end-time="2019-08-05 08:54:47Z" duration="0.000874" asserts="1" />
          <test-case id="0-1025" name="TestInsertTask_NullTaskObject" fullname="ProjectManager.Test.TaskControllerTest.TestInsertTask_NullTaskObject" methodname="TestInsertTask_NullTaskObject" classname="ProjectManager.Test.TaskControllerTest" runstate="Runnable" seed="663848812" result="Passed" start-time="2019-08-05 08:54:47Z" end-time="2019-08-05 08:54:47Z" duration="0.000773" asserts="1" />
          <test-case id="0-1020" name="TestRetrieveParentTasks_Success" fullname="ProjectManager.Test.TaskControllerTest.TestRetrieveParentTasks_Success" methodname="TestRetrieveParentTasks_Success" classname="ProjectManager.Test.TaskControllerTest" runstate="Runnable" seed="1531146024" result="Passed" start-time="2019-08-05 08:54:47Z" end-time="2019-08-05 08:54:47Z" duration="0.030817" asserts="3" />
          <test-case id="0-1024" name="TestRetrieveTaskByProjectId_NegativeTaskId" fullname="ProjectManager.Test.TaskControllerTest.TestRetrieveTaskByProjectId_NegativeTaskId" methodname="TestRetrieveTaskByProjectId_NegativeTaskId" classname="ProjectManager.Test.TaskControllerTest" runstate="Runnable" seed="252888917" result="Passed" start-time="2019-08-05 08:54:47Z" end-time="2019-08-05 08:54:47Z" duration="0.003473" asserts="1" />
          <test-case id="0-1023" name="TestRetrieveTaskByProjectId_Success" fullname="ProjectManager.Test.TaskControllerTest.TestRetrieveTaskByProjectId_Success" methodname="TestRetrieveTaskByProjectId_Success" classname="ProjectManager.Test.TaskControllerTest" runstate="Runnable" seed="1926250397" result="Passed" start-time="2019-08-05 08:54:47Z" end-time="2019-08-05 08:54:47Z" duration="0.047136" asserts="4" />
          <test-case id="0-1019" name="TestRetrieveTasks_Success" fullname="ProjectManager.Test.TaskControllerTest.TestRetrieveTasks_Success" methodname="TestRetrieveTasks_Success" classname="ProjectManager.Test.TaskControllerTest" runstate="Runnable" seed="383665212" result="Passed" start-time="2019-08-05 08:54:47Z" end-time="2019-08-05 08:54:47Z" duration="0.008673" asserts="2" />
          <test-case id="0-1021" name="TestUpdateProjects_Success" fullname="ProjectManager.Test.TaskControllerTest.TestUpdateProjects_Success" methodname="TestUpdateProjects_Success" classname="ProjectManager.Test.TaskControllerTest" runstate="Runnable" seed="1408231281" result="Passed" start-time="2019-08-05 08:54:47Z" end-time="2019-08-05 08:54:47Z" duration="0.006984" asserts="2" />
          <test-case id="0-1031" name="TestUpdateTask_NegativeProjectId" fullname="ProjectManager.Test.TaskControllerTest.TestUpdateTask_NegativeProjectId" methodname="TestUpdateTask_NegativeProjectId" classname="ProjectManager.Test.TaskControllerTest" runstate="Runnable" seed="139368404" result="Passed" start-time="2019-08-05 08:54:47Z" end-time="2019-08-05 08:54:47Z" duration="0.000670" asserts="1" />
          <test-case id="0-1032" name="TestUpdateTask_NegativeTaskId" fullname="ProjectManager.Test.TaskControllerTest.TestUpdateTask_NegativeTaskId" methodname="TestUpdateTask_NegativeTaskId" classname="ProjectManager.Test.TaskControllerTest" runstate="Runnable" seed="380475022" result="Passed" start-time="2019-08-05 08:54:47Z" end-time="2019-08-05 08:54:47Z" duration="0.000526" asserts="1" />
          <test-case id="0-1030" name="TestUpdateTask_NegativeTaskParentId" fullname="ProjectManager.Test.TaskControllerTest.TestUpdateTask_NegativeTaskParentId" methodname="TestUpdateTask_NegativeTaskParentId" classname="ProjectManager.Test.TaskControllerTest" runstate="Runnable" seed="2010487345" result="Passed" start-time="2019-08-05 08:54:47Z" end-time="2019-08-05 08:54:47Z" duration="0.004790" asserts="1" />
          <test-case id="0-1029" name="TestUpdateTask_NullTaskObject" fullname="ProjectManager.Test.TaskControllerTest.TestUpdateTask_NullTaskObject" methodname="TestUpdateTask_NullTaskObject" classname="ProjectManager.Test.TaskControllerTest" runstate="Runnable" seed="916853316" result="Passed" start-time="2019-08-05 08:54:47Z" end-time="2019-08-05 08:54:47Z" duration="0.000548" asserts="1" />
        </test-suite>
        <test-suite type="TestFixture" id="0-1037" name="UserControllerTest" fullname="ProjectManager.Test.UserControllerTest" classname="ProjectManager.Test.UserControllerTest" runstate="Runnable" testcasecount="17" result="Passed" start-time="2019-08-05 08:54:47Z" end-time="2019-08-05 08:54:47Z" duration="0.029445" total="17" passed="17" failed="0" warnings="0" inconclusive="0" skipped="0" asserts="21">
          <test-case id="0-1042" name="TestDeleteUser_InvalidEmployeeId" fullname="ProjectManager.Test.UserControllerTest.TestDeleteUser_InvalidEmployeeId" methodname="TestDeleteUser_InvalidEmployeeId" classname="ProjectManager.Test.UserControllerTest" runstate="Runnable" seed="1475358598" result="Passed" start-time="2019-08-05 08:54:47Z" end-time="2019-08-05 08:54:47Z" duration="0.001853" asserts="1" />
          <test-case id="0-1044" name="TestDeleteUser_InvalidProjectIdFormat" fullname="ProjectManager.Test.UserControllerTest.TestDeleteUser_InvalidProjectIdFormat" methodname="TestDeleteUser_InvalidProjectIdFormat" classname="ProjectManager.Test.UserControllerTest" runstate="Runnable" seed="1842969336" result="Passed" start-time="2019-08-05 08:54:47Z" end-time="2019-08-05 08:54:47Z" duration="0.001056" asserts="1" />
          <test-case id="0-1043" name="TestDeleteUser_NegativeEmployeeId" fullname="ProjectManager.Test.UserControllerTest.TestDeleteUser_NegativeEmployeeId" methodname="TestDeleteUser_NegativeEmployeeId" classname="ProjectManager.Test.UserControllerTest" runstate="Runnable" seed="1673116059" result="Passed" start-time="2019-08-05 08:54:47Z" end-time="2019-08-05 08:54:47Z" duration="0.000836" asserts="1" />
          <test-case id="0-1045" name="TestDeleteUser_NegativeUserIdFormat" fullname="ProjectManager.Test.UserControllerTest.TestDeleteUser_NegativeUserIdFormat" methodname="TestDeleteUser_NegativeUserIdFormat" classname="ProjectManager.Test.UserControllerTest" runstate="Runnable" seed="718723943" result="Passed" start-time="2019-08-05 08:54:47Z" end-time="2019-08-05 08:54:47Z" duration="0.000765" asserts="1" />
          <test-case id="0-1040" name="TestDeleteUser_Success" fullname="ProjectManager.Test.UserControllerTest.TestDeleteUser_Success" methodname="TestDeleteUser_Success" classname="ProjectManager.Test.UserControllerTest" runstate="Runnable" seed="740494703" result="Passed" start-time="2019-08-05 08:54:47Z" end-time="2019-08-05 08:54:47Z" duration="0.003271" asserts="2" />
          <test-case id="0-1041" name="TestDeleteUser_UserNullException" fullname="ProjectManager.Test.UserControllerTest.TestDeleteUser_UserNullException" methodname="TestDeleteUser_UserNullException" classname="ProjectManager.Test.UserControllerTest" runstate="Runnable" seed="1158571930" result="Passed" start-time="2019-08-05 08:54:47Z" end-time="2019-08-05 08:54:47Z" duration="0.001160" asserts="1" />
          <test-case id="0-1038" name="TestGetUser_Success" fullname="ProjectManager.Test.UserControllerTest.TestGetUser_Success" methodname="TestGetUser_Success" classname="ProjectManager.Test.UserControllerTest" runstate="Runnable" seed="1947302152" result="Passed" start-time="2019-08-05 08:54:47Z" end-time="2019-08-05 08:54:47Z" duration="0.004091" asserts="3" />
          <test-case id="0-1052" name="TestInsertUser_InvalidEmployeeId" fullname="ProjectManager.Test.UserControllerTest.TestInsertUser_InvalidEmployeeId" methodname="TestInsertUser_InvalidEmployeeId" classname="ProjectManager.Test.UserControllerTest" runstate="Runnable" seed="1352276682" result="Passed" start-time="2019-08-05 08:54:47Z" end-time="2019-08-05 08:54:47Z" duration="0.001767" asserts="1" />
          <test-case id="0-1054" name="TestInsertUser_InvalidProjectIdFormat" fullname="ProjectManager.Test.UserControllerTest.TestInsertUser_InvalidProjectIdFormat" methodname="TestInsertUser_InvalidProjectIdFormat" classname="ProjectManager.Test.UserControllerTest" runstate="Runnable" seed="1040307783" result="Passed" start-time="2019-08-05 08:54:47Z" end-time="2019-08-05 08:54:47Z" duration="0.001063" asserts="1" />
          <test-case id="0-1053" name="TestInsertUser_NegativeEmployeeId" fullname="ProjectManager.Test.UserControllerTest.TestInsertUser_NegativeEmployeeId" methodname="TestInsertUser_NegativeEmployeeId" classname="ProjectManager.Test.UserControllerTest" runstate="Runnable" seed="1868735133" result="Passed" start-time="2019-08-05 08:54:47Z" end-time="2019-08-05 08:54:47Z" duration="0.001120" asserts="1" />
          <test-case id="0-1051" name="TestInsertUser_UserNullException" fullname="ProjectManager.Test.UserControllerTest.TestInsertUser_UserNullException" methodname="TestInsertUser_UserNullException" classname="ProjectManager.Test.UserControllerTest" runstate="Runnable" seed="888869746" result="Passed" start-time="2019-08-05 08:54:47Z" end-time="2019-08-05 08:54:47Z" duration="0.001111" asserts="1" />
          <test-case id="0-1047" name="TestUpdateUser_InvalidEmployeeId" fullname="ProjectManager.Test.UserControllerTest.TestUpdateUser_InvalidEmployeeId" methodname="TestUpdateUser_InvalidEmployeeId" classname="ProjectManager.Test.UserControllerTest" runstate="Runnable" seed="144382057" result="Passed" start-time="2019-08-05 08:54:47Z" end-time="2019-08-05 08:54:47Z" duration="0.002924" asserts="1" />
          <test-case id="0-1049" name="TestUpdateUser_InvalidProjectIdFormat" fullname="ProjectManager.Test.UserControllerTest.TestUpdateUser_InvalidProjectIdFormat" methodname="TestUpdateUser_InvalidProjectIdFormat" classname="ProjectManager.Test.UserControllerTest" runstate="Runnable" seed="568341667" result="Passed" start-time="2019-08-05 08:54:47Z" end-time="2019-08-05 08:54:47Z" duration="0.001524" asserts="1" />
          <test-case id="0-1048" name="TestUpdateUser_NegativeEmployeeId" fullname="ProjectManager.Test.UserControllerTest.TestUpdateUser_NegativeEmployeeId" methodname="TestUpdateUser_NegativeEmployeeId" classname="ProjectManager.Test.UserControllerTest" runstate="Runnable" seed="1811471778" result="Passed" start-time="2019-08-05 08:54:47Z" end-time="2019-08-05 08:54:47Z" duration="0.001324" asserts="1" />
          <test-case id="0-1050" name="TestUpdateUser_NegativeUserIdFormat" fullname="ProjectManager.Test.UserControllerTest.TestUpdateUser_NegativeUserIdFormat" methodname="TestUpdateUser_NegativeUserIdFormat" classname="ProjectManager.Test.UserControllerTest" runstate="Runnable" seed="1151681737" result="Passed" start-time="2019-08-05 08:54:47Z" end-time="2019-08-05 08:54:47Z" duration="0.001023" asserts="1" />
          <test-case id="0-1039" name="TestUpdateUser_Success" fullname="ProjectManager.Test.UserControllerTest.TestUpdateUser_Success" methodname="TestUpdateUser_Success" classname="ProjectManager.Test.UserControllerTest" runstate="Runnable" seed="104272301" result="Passed" start-time="2019-08-05 08:54:47Z" end-time="2019-08-05 08:54:47Z" duration="0.003182" asserts="2" />
          <test-case id="0-1046" name="TestUpdateUser_UserNullException" fullname="ProjectManager.Test.UserControllerTest.TestUpdateUser_UserNullException" methodname="TestUpdateUser_UserNullException" classname="ProjectManager.Test.UserControllerTest" runstate="Runnable" seed="1355537293" result="Passed" start-time="2019-08-05 08:54:47Z" end-time="2019-08-05 08:54:47Z" duration="0.000964" asserts="1" />
        </test-suite>
      </test-suite>
    </test-suite>
  </test-suite>
</test-run>