<?xml version="1.0" encoding="utf-8" standalone="no"?>
<test-run id="2" testcasecount="56" result="Passed" total="56" passed="56" failed="0" inconclusive="0" skipped="0" asserts="75" engine-version="3.10.0.0" clr-version="4.0.30319.42000" start-time="2019-05-13 10:41:17Z" end-time="2019-05-13 10:41:29Z" duration="12.384108">
  <command-line><![CDATA[nunit3-console.exe  ..\..\..\ProjectManager.Tests\bin\Debug\ProjectManager.Tests.dll]]></command-line>
  <test-suite type="Assembly" id="0-1059" name="ProjectManager.Tests.dll" fullname="ProjectManager.Tests.dll" runstate="Runnable" testcasecount="56" result="Passed" start-time="2019-05-13 10:41:19Z" end-time="2019-05-13 10:41:29Z" duration="10.601309" total="56" passed="56" failed="0" warnings="0" inconclusive="0" skipped="0" asserts="75">
    <environment framework-version="3.11.0.0" clr-version="4.0.30319.42000" os-version="Microsoft Windows NT 10.0.17134.0" platform="Win32NT" cwd="C:\FTDB022\FSE_FinalSBA_205113\FSE_205113\03_Middle_Tier_Layer\ProjectManager\packages\NUnit.ConsoleRunner.3.10.0\tools" machine-name="DOTNET" user="Admin" user-domain="DOTNET" culture="en-IN" uiculture="en-US" os-architecture="x64" />
    <settings>
      <setting name="DisposeRunners" value="True" />
      <setting name="WorkDirectory" value="C:\FTDB022\FSE_FinalSBA_205113\FSE_205113\03_Middle_Tier_Layer\ProjectManager\packages\NUnit.ConsoleRunner.3.10.0\tools" />
      <setting name="ImageRuntimeVersion" value="4.0.30319" />
      <setting name="ImageTargetFrameworkName" value=".NETFramework,Version=v4.6.1" />
      <setting name="ImageRequiresX86" value="False" />
      <setting name="ImageRequiresDefaultAppDomainAssemblyResolver" value="False" />
      <setting name="NumberOfTestWorkers" value="3" />
    </settings>
    <properties>
      <property name="_PID" value="10524" />
      <property name="_APPDOMAIN" value="domain-" />
    </properties>
    <test-suite type="TestSuite" id="0-1060" name="ProjectManager" fullname="ProjectManager" runstate="Runnable" testcasecount="56" result="Passed" start-time="2019-05-13 10:41:19Z" end-time="2019-05-13 10:41:29Z" duration="10.571260" total="56" passed="56" failed="0" warnings="0" inconclusive="0" skipped="0" asserts="75">
      <test-suite type="TestSuite" id="0-1061" name="Test" fullname="ProjectManager.Test" runstate="Runnable" testcasecount="56" result="Passed" start-time="2019-05-13 10:41:19Z" end-time="2019-05-13 10:41:29Z" duration="10.570501" total="56" passed="56" failed="0" warnings="0" inconclusive="0" skipped="0" asserts="75">
        <test-suite type="TestFixture" id="0-1000" name="ProjectControllerTest" fullname="ProjectManager.Test.ProjectControllerTest" classname="ProjectManager.Test.ProjectControllerTest" runstate="Runnable" testcasecount="19" result="Passed" start-time="2019-05-13 10:41:19Z" end-time="2019-05-13 10:41:29Z" duration="10.001363" total="19" passed="19" failed="0" warnings="0" inconclusive="0" skipped="0" asserts="24">
          <test-case id="0-1019" name="TestDeleteProject_CompletedTasksGreater" fullname="ProjectManager.Test.ProjectControllerTest.TestDeleteProject_CompletedTasksGreater" methodname="TestDeleteProject_CompletedTasksGreater" classname="ProjectManager.Test.ProjectControllerTest" runstate="Runnable" seed="1785747960" result="Passed" start-time="2019-05-13 10:41:19Z" end-time="2019-05-13 10:41:20Z" duration="1.642533" asserts="1" />
          <test-case id="0-1016" name="TestDeleteProject_NegativeProjectId" fullname="ProjectManager.Test.ProjectControllerTest.TestDeleteProject_NegativeProjectId" methodname="TestDeleteProject_NegativeProjectId" classname="ProjectManager.Test.ProjectControllerTest" runstate="Runnable" seed="1447660262" result="Passed" start-time="2019-05-13 10:41:20Z" end-time="2019-05-13 10:41:20Z" duration="0.004720" asserts="1" />
          <test-case id="0-1018" name="TestDeleteProject_NegativeProjectIdInUser" fullname="ProjectManager.Test.ProjectControllerTest.TestDeleteProject_NegativeProjectIdInUser" methodname="TestDeleteProject_NegativeProjectIdInUser" classname="ProjectManager.Test.ProjectControllerTest" runstate="Runnable" seed="703873728" result="Passed" start-time="2019-05-13 10:41:20Z" end-time="2019-05-13 10:41:20Z" duration="0.002976" asserts="1" />
          <test-case id="0-1015" name="TestDeleteProject_NoProjectAsParameter" fullname="ProjectManager.Test.ProjectControllerTest.TestDeleteProject_NoProjectAsParameter" methodname="TestDeleteProject_NoProjectAsParameter" classname="ProjectManager.Test.ProjectControllerTest" runstate="Runnable" seed="1841099792" result="Passed" start-time="2019-05-13 10:41:20Z" end-time="2019-05-13 10:41:20Z" duration="0.002533" asserts="1" />
          <test-case id="0-1017" name="TestDeleteProject_UserNullInProject" fullname="ProjectManager.Test.ProjectControllerTest.TestDeleteProject_UserNullInProject" methodname="TestDeleteProject_UserNullInProject" classname="ProjectManager.Test.ProjectControllerTest" runstate="Runnable" seed="1478604244" result="Passed" start-time="2019-05-13 10:41:20Z" end-time="2019-05-13 10:41:20Z" duration="0.002610" asserts="1" />
          <test-case id="0-1004" name="TestDeleteProjects_Success" fullname="ProjectManager.Test.ProjectControllerTest.TestDeleteProjects_Success" methodname="TestDeleteProjects_Success" classname="ProjectManager.Test.ProjectControllerTest" runstate="Runnable" seed="1834532336" result="Passed" start-time="2019-05-13 10:41:20Z" end-time="2019-05-13 10:41:20Z" duration="0.221741" asserts="2" />
          <test-case id="0-1001" name="TestGetProjects_Success" fullname="ProjectManager.Test.ProjectControllerTest.TestGetProjects_Success" methodname="TestGetProjects_Success" classname="ProjectManager.Test.ProjectControllerTest" runstate="Runnable" seed="78166599" result="Passed" start-time="2019-05-13 10:41:20Z" end-time="2019-05-13 10:41:27Z" duration="6.915712" asserts="3" />
          <test-case id="0-1009" name="TestInsertProject_CompletedTasksGreater" fullname="ProjectManager.Test.ProjectControllerTest.TestInsertProject_CompletedTasksGreater" methodname="TestInsertProject_CompletedTasksGreater" classname="ProjectManager.Test.ProjectControllerTest" runstate="Runnable" seed="1637126110" result="Passed" start-time="2019-05-13 10:41:27Z" end-time="2019-05-13 10:41:27Z" duration="0.001809" asserts="1" />
          <test-case id="0-1006" name="TestInsertProject_NegativeProjectId" fullname="ProjectManager.Test.ProjectControllerTest.TestInsertProject_NegativeProjectId" methodname="TestInsertProject_NegativeProjectId" classname="ProjectManager.Test.ProjectControllerTest" runstate="Runnable" seed="768493162" result="Passed" start-time="2019-05-13 10:41:27Z" end-time="2019-05-13 10:41:27Z" duration="0.001217" asserts="1" />
          <test-case id="0-1008" name="TestInsertProject_NegativeProjectIdInUser" fullname="ProjectManager.Test.ProjectControllerTest.TestInsertProject_NegativeProjectIdInUser" methodname="TestInsertProject_NegativeProjectIdInUser" classname="ProjectManager.Test.ProjectControllerTest" runstate="Runnable" seed="1242455110" result="Passed" start-time="2019-05-13 10:41:27Z" end-time="2019-05-13 10:41:27Z" duration="0.001291" asserts="1" />
          <test-case id="0-1005" name="TestInsertProject_NoProjectAsParameter" fullname="ProjectManager.Test.ProjectControllerTest.TestInsertProject_NoProjectAsParameter" methodname="TestInsertProject_NoProjectAsParameter" classname="ProjectManager.Test.ProjectControllerTest" runstate="Runnable" seed="1726508897" result="Passed" start-time="2019-05-13 10:41:27Z" end-time="2019-05-13 10:41:27Z" duration="0.000938" asserts="1" />
          <test-case id="0-1007" name="TestInsertProject_UserNullInProject" fullname="ProjectManager.Test.ProjectControllerTest.TestInsertProject_UserNullInProject" methodname="TestInsertProject_UserNullInProject" classname="ProjectManager.Test.ProjectControllerTest" runstate="Runnable" seed="1249502617" result="Passed" start-time="2019-05-13 10:41:27Z" end-time="2019-05-13 10:41:27Z" duration="0.001174" asserts="1" />
          <test-case id="0-1002" name="TestInsertProjects_Success" fullname="ProjectManager.Test.ProjectControllerTest.TestInsertProjects_Success" methodname="TestInsertProjects_Success" classname="ProjectManager.Test.ProjectControllerTest" runstate="Runnable" seed="1088122540" result="Passed" start-time="2019-05-13 10:41:27Z" end-time="2019-05-13 10:41:28Z" duration="1.075338" asserts="2" />
          <test-case id="0-1014" name="TestUpdateProject_CompletedTasksGreater" fullname="ProjectManager.Test.ProjectControllerTest.TestUpdateProject_CompletedTasksGreater" methodname="TestUpdateProject_CompletedTasksGreater" classname="ProjectManager.Test.ProjectControllerTest" runstate="Runnable" seed="672248719" result="Passed" start-time="2019-05-13 10:41:28Z" end-time="2019-05-13 10:41:28Z" duration="0.006824" asserts="1" />
          <test-case id="0-1011" name="TestUpdateProject_NegativeProjectId" fullname="ProjectManager.Test.ProjectControllerTest.TestUpdateProject_NegativeProjectId" methodname="TestUpdateProject_NegativeProjectId" classname="ProjectManager.Test.ProjectControllerTest" runstate="Runnable" seed="868825369" result="Passed" start-time="2019-05-13 10:41:28Z" end-time="2019-05-13 10:41:28Z" duration="0.011780" asserts="1" />
          <test-case id="0-1013" name="TestUpdateProject_NegativeProjectIdInUser" fullname="ProjectManager.Test.ProjectControllerTest.TestUpdateProject_NegativeProjectIdInUser" methodname="TestUpdateProject_NegativeProjectIdInUser" classname="ProjectManager.Test.ProjectControllerTest" runstate="Runnable" seed="2027364352" result="Passed" start-time="2019-05-13 10:41:28Z" end-time="2019-05-13 10:41:28Z" duration="0.005879" asserts="1" />
          <test-case id="0-1010" name="TestUpdateProject_NoProjectAsParameter" fullname="ProjectManager.Test.ProjectControllerTest.TestUpdateProject_NoProjectAsParameter" methodname="TestUpdateProject_NoProjectAsParameter" classname="ProjectManager.Test.ProjectControllerTest" runstate="Runnable" seed="1366994521" result="Passed" start-time="2019-05-13 10:41:28Z" end-time="2019-05-13 10:41:28Z" duration="0.012475" asserts="1" />
          <test-case id="0-1012" name="TestUpdateProject_UserNullInProject" fullname="ProjectManager.Test.ProjectControllerTest.TestUpdateProject_UserNullInProject" methodname="TestUpdateProject_UserNullInProject" classname="ProjectManager.Test.ProjectControllerTest" runstate="Runnable" seed="1902891958" result="Passed" start-time="2019-05-13 10:41:28Z" end-time="2019-05-13 10:41:28Z" duration="0.004073" asserts="1" />
          <test-case id="0-1003" name="TestUpdateProjects_Success" fullname="ProjectManager.Test.ProjectControllerTest.TestUpdateProjects_Success" methodname="TestUpdateProjects_Success" classname="ProjectManager.Test.ProjectControllerTest" runstate="Runnable" seed="1027797248" result="Passed" start-time="2019-05-13 10:41:29Z" end-time="2019-05-13 10:41:29Z" duration="0.018281" asserts="2" />
        </test-suite>
        <test-suite type="TestFixture" id="0-1020" name="TaskControllerTest" fullname="ProjectManager.Test.TaskControllerTest" classname="ProjectManager.Test.TaskControllerTest" runstate="Runnable" testcasecount="19" result="Passed" start-time="2019-05-13 10:41:29Z" end-time="2019-05-13 10:41:29Z" duration="0.456668" total="19" passed="19" failed="0" warnings="0" inconclusive="0" skipped="0" asserts="28">
          <test-case id="0-1025" name="TestDeleteProjects_Success" fullname="ProjectManager.Test.TaskControllerTest.TestDeleteProjects_Success" methodname="TestDeleteProjects_Success" classname="ProjectManager.Test.TaskControllerTest" runstate="Runnable" seed="300724356" result="Passed" start-time="2019-05-13 10:41:29Z" end-time="2019-05-13 10:41:29Z" duration="0.059339" asserts="2" />
          <test-case id="0-1038" name="TestDeleteTask_NegativeProjectId" fullname="ProjectManager.Test.TaskControllerTest.TestDeleteTask_NegativeProjectId" methodname="TestDeleteTask_NegativeProjectId" classname="ProjectManager.Test.TaskControllerTest" runstate="Runnable" seed="874654952" result="Passed" start-time="2019-05-13 10:41:29Z" end-time="2019-05-13 10:41:29Z" duration="0.005393" asserts="1" />
          <test-case id="0-1039" name="TestDeleteTask_NegativeTaskId" fullname="ProjectManager.Test.TaskControllerTest.TestDeleteTask_NegativeTaskId" methodname="TestDeleteTask_NegativeTaskId" classname="ProjectManager.Test.TaskControllerTest" runstate="Runnable" seed="1233733797" result="Passed" start-time="2019-05-13 10:41:29Z" end-time="2019-05-13 10:41:29Z" duration="0.002979" asserts="1" />
          <test-case id="0-1037" name="TestDeleteTask_NegativeTaskParentId" fullname="ProjectManager.Test.TaskControllerTest.TestDeleteTask_NegativeTaskParentId" methodname="TestDeleteTask_NegativeTaskParentId" classname="ProjectManager.Test.TaskControllerTest" runstate="Runnable" seed="741288925" result="Passed" start-time="2019-05-13 10:41:29Z" end-time="2019-05-13 10:41:29Z" duration="0.002465" asserts="1" />
          <test-case id="0-1036" name="TestDeleteTask_NullTaskObject" fullname="ProjectManager.Test.TaskControllerTest.TestDeleteTask_NullTaskObject" methodname="TestDeleteTask_NullTaskObject" classname="ProjectManager.Test.TaskControllerTest" runstate="Runnable" seed="2004103480" result="Passed" start-time="2019-05-13 10:41:29Z" end-time="2019-05-13 10:41:29Z" duration="0.002438" asserts="1" />
          <test-case id="0-1030" name="TestInsertTask_NegativeProjectId" fullname="ProjectManager.Test.TaskControllerTest.TestInsertTask_NegativeProjectId" methodname="TestInsertTask_NegativeProjectId" classname="ProjectManager.Test.TaskControllerTest" runstate="Runnable" seed="1724547187" result="Passed" start-time="2019-05-13 10:41:29Z" end-time="2019-05-13 10:41:29Z" duration="0.004537" asserts="1" />
          <test-case id="0-1031" name="TestInsertTask_NegativeTaskId" fullname="ProjectManager.Test.TaskControllerTest.TestInsertTask_NegativeTaskId" methodname="TestInsertTask_NegativeTaskId" classname="ProjectManager.Test.TaskControllerTest" runstate="Runnable" seed="1676739544" result="Passed" start-time="2019-05-13 10:41:29Z" end-time="2019-05-13 10:41:29Z" duration="0.002078" asserts="1" />
          <test-case id="0-1029" name="TestInsertTask_NegativeTaskParentId" fullname="ProjectManager.Test.TaskControllerTest.TestInsertTask_NegativeTaskParentId" methodname="TestInsertTask_NegativeTaskParentId" classname="ProjectManager.Test.TaskControllerTest" runstate="Runnable" seed="1447985823" result="Passed" start-time="2019-05-13 10:41:29Z" end-time="2019-05-13 10:41:29Z" duration="0.002659" asserts="1" />
          <test-case id="0-1028" name="TestInsertTask_NullTaskObject" fullname="ProjectManager.Test.TaskControllerTest.TestInsertTask_NullTaskObject" methodname="TestInsertTask_NullTaskObject" classname="ProjectManager.Test.TaskControllerTest" runstate="Runnable" seed="1749061394" result="Passed" start-time="2019-05-13 10:41:29Z" end-time="2019-05-13 10:41:29Z" duration="0.002383" asserts="1" />
          <test-case id="0-1023" name="TestInsertTasks_Success" fullname="ProjectManager.Test.TaskControllerTest.TestInsertTasks_Success" methodname="TestInsertTasks_Success" classname="ProjectManager.Test.TaskControllerTest" runstate="Runnable" seed="377818866" result="Passed" start-time="2019-05-13 10:41:29Z" end-time="2019-05-13 10:41:29Z" duration="0.135184" asserts="2" />
          <test-case id="0-1022" name="TestRetrieveParentTasks_Success" fullname="ProjectManager.Test.TaskControllerTest.TestRetrieveParentTasks_Success" methodname="TestRetrieveParentTasks_Success" classname="ProjectManager.Test.TaskControllerTest" runstate="Runnable" seed="1220398273" result="Passed" start-time="2019-05-13 10:41:29Z" end-time="2019-05-13 10:41:29Z" duration="0.004885" asserts="3" />
          <test-case id="0-1027" name="TestRetrieveTaskByProjectId_NegativeTaskId" fullname="ProjectManager.Test.TaskControllerTest.TestRetrieveTaskByProjectId_NegativeTaskId" methodname="TestRetrieveTaskByProjectId_NegativeTaskId" classname="ProjectManager.Test.TaskControllerTest" runstate="Runnable" seed="960950864" result="Passed" start-time="2019-05-13 10:41:29Z" end-time="2019-05-13 10:41:29Z" duration="0.001415" asserts="1" />
          <test-case id="0-1026" name="TestRetrieveTaskByProjectId_Success" fullname="ProjectManager.Test.TaskControllerTest.TestRetrieveTaskByProjectId_Success" methodname="TestRetrieveTaskByProjectId_Success" classname="ProjectManager.Test.TaskControllerTest" runstate="Runnable" seed="2136849444" result="Passed" start-time="2019-05-13 10:41:29Z" end-time="2019-05-13 10:41:29Z" duration="0.026459" asserts="4" />
          <test-case id="0-1021" name="TestRetrieveTasks_Success" fullname="ProjectManager.Test.TaskControllerTest.TestRetrieveTasks_Success" methodname="TestRetrieveTasks_Success" classname="ProjectManager.Test.TaskControllerTest" runstate="Runnable" seed="1010591976" result="Passed" start-time="2019-05-13 10:41:29Z" end-time="2019-05-13 10:41:29Z" duration="0.012255" asserts="2" />
          <test-case id="0-1024" name="TestUpdateProjects_Success" fullname="ProjectManager.Test.TaskControllerTest.TestUpdateProjects_Success" methodname="TestUpdateProjects_Success" classname="ProjectManager.Test.TaskControllerTest" runstate="Runnable" seed="1383212485" result="Passed" start-time="2019-05-13 10:41:29Z" end-time="2019-05-13 10:41:29Z" duration="0.007928" asserts="2" />
          <test-case id="0-1034" name="TestUpdateTask_NegativeProjectId" fullname="ProjectManager.Test.TaskControllerTest.TestUpdateTask_NegativeProjectId" methodname="TestUpdateTask_NegativeProjectId" classname="ProjectManager.Test.TaskControllerTest" runstate="Runnable" seed="1338771530" result="Passed" start-time="2019-05-13 10:41:29Z" end-time="2019-05-13 10:41:29Z" duration="0.000957" asserts="1" />
          <test-case id="0-1035" name="TestUpdateTask_NegativeTaskId" fullname="ProjectManager.Test.TaskControllerTest.TestUpdateTask_NegativeTaskId" methodname="TestUpdateTask_NegativeTaskId" classname="ProjectManager.Test.TaskControllerTest" runstate="Runnable" seed="819260349" result="Passed" start-time="2019-05-13 10:41:29Z" end-time="2019-05-13 10:41:29Z" duration="0.000847" asserts="1" />
          <test-case id="0-1033" name="TestUpdateTask_NegativeTaskParentId" fullname="ProjectManager.Test.TaskControllerTest.TestUpdateTask_NegativeTaskParentId" methodname="TestUpdateTask_NegativeTaskParentId" classname="ProjectManager.Test.TaskControllerTest" runstate="Runnable" seed="388641353" result="Passed" start-time="2019-05-13 10:41:29Z" end-time="2019-05-13 10:41:29Z" duration="0.000966" asserts="1" />
          <test-case id="0-1032" name="TestUpdateTask_NullTaskObject" fullname="ProjectManager.Test.TaskControllerTest.TestUpdateTask_NullTaskObject" methodname="TestUpdateTask_NullTaskObject" classname="ProjectManager.Test.TaskControllerTest" runstate="Runnable" seed="628281307" result="Passed" start-time="2019-05-13 10:41:29Z" end-time="2019-05-13 10:41:29Z" duration="0.000992" asserts="1" />
        </test-suite>
        <test-suite type="TestFixture" id="0-1040" name="UserControllerTest" fullname="ProjectManager.Test.UserControllerTest" classname="ProjectManager.Test.UserControllerTest" runstate="Runnable" testcasecount="18" result="Passed" start-time="2019-05-13 10:41:29Z" end-time="2019-05-13 10:41:29Z" duration="0.081918" total="18" passed="18" failed="0" warnings="0" inconclusive="0" skipped="0" asserts="23">
          <test-case id="0-1046" name="TestDeleteUser_InvalidEmployeeId" fullname="ProjectManager.Test.UserControllerTest.TestDeleteUser_InvalidEmployeeId" methodname="TestDeleteUser_InvalidEmployeeId" classname="ProjectManager.Test.UserControllerTest" runstate="Runnable" seed="1181774880" result="Passed" start-time="2019-05-13 10:41:29Z" end-time="2019-05-13 10:41:29Z" duration="0.003266" asserts="1" />
          <test-case id="0-1048" name="TestDeleteUser_InvalidProjectIdFormat" fullname="ProjectManager.Test.UserControllerTest.TestDeleteUser_InvalidProjectIdFormat" methodname="TestDeleteUser_InvalidProjectIdFormat" classname="ProjectManager.Test.UserControllerTest" runstate="Runnable" seed="1003477889" result="Passed" start-time="2019-05-13 10:41:29Z" end-time="2019-05-13 10:41:29Z" duration="0.001419" asserts="1" />
          <test-case id="0-1047" name="TestDeleteUser_NegativeEmployeeId" fullname="ProjectManager.Test.UserControllerTest.TestDeleteUser_NegativeEmployeeId" methodname="TestDeleteUser_NegativeEmployeeId" classname="ProjectManager.Test.UserControllerTest" runstate="Runnable" seed="341912944" result="Passed" start-time="2019-05-13 10:41:29Z" end-time="2019-05-13 10:41:29Z" duration="0.001275" asserts="1" />
          <test-case id="0-1049" name="TestDeleteUser_NegativeUserIdFormat" fullname="ProjectManager.Test.UserControllerTest.TestDeleteUser_NegativeUserIdFormat" methodname="TestDeleteUser_NegativeUserIdFormat" classname="ProjectManager.Test.UserControllerTest" runstate="Runnable" seed="395370161" result="Passed" start-time="2019-05-13 10:41:29Z" end-time="2019-05-13 10:41:29Z" duration="0.001306" asserts="1" />
          <test-case id="0-1044" name="TestDeleteUser_Success" fullname="ProjectManager.Test.UserControllerTest.TestDeleteUser_Success" methodname="TestDeleteUser_Success" classname="ProjectManager.Test.UserControllerTest" runstate="Runnable" seed="1232038595" result="Passed" start-time="2019-05-13 10:41:29Z" end-time="2019-05-13 10:41:29Z" duration="0.003710" asserts="2" />
          <test-case id="0-1045" name="TestDeleteUser_UserNullException" fullname="ProjectManager.Test.UserControllerTest.TestDeleteUser_UserNullException" methodname="TestDeleteUser_UserNullException" classname="ProjectManager.Test.UserControllerTest" runstate="Runnable" seed="1160319990" result="Passed" start-time="2019-05-13 10:41:29Z" end-time="2019-05-13 10:41:29Z" duration="0.002135" asserts="1" />
          <test-case id="0-1041" name="TestGetUser_Success" fullname="ProjectManager.Test.UserControllerTest.TestGetUser_Success" methodname="TestGetUser_Success" classname="ProjectManager.Test.UserControllerTest" runstate="Runnable" seed="1332007996" result="Passed" start-time="2019-05-13 10:41:29Z" end-time="2019-05-13 10:41:29Z" duration="0.003636" asserts="3" />
          <test-case id="0-1056" name="TestInsertUser_InvalidEmployeeId" fullname="ProjectManager.Test.UserControllerTest.TestInsertUser_InvalidEmployeeId" methodname="TestInsertUser_InvalidEmployeeId" classname="ProjectManager.Test.UserControllerTest" runstate="Runnable" seed="1295457696" result="Passed" start-time="2019-05-13 10:41:29Z" end-time="2019-05-13 10:41:29Z" duration="0.001753" asserts="1" />
          <test-case id="0-1058" name="TestInsertUser_InvalidProjectIdFormat" fullname="ProjectManager.Test.UserControllerTest.TestInsertUser_InvalidProjectIdFormat" methodname="TestInsertUser_InvalidProjectIdFormat" classname="ProjectManager.Test.UserControllerTest" runstate="Runnable" seed="85723109" result="Passed" start-time="2019-05-13 10:41:29Z" end-time="2019-05-13 10:41:29Z" duration="0.001145" asserts="1" />
          <test-case id="0-1057" name="TestInsertUser_NegativeEmployeeId" fullname="ProjectManager.Test.UserControllerTest.TestInsertUser_NegativeEmployeeId" methodname="TestInsertUser_NegativeEmployeeId" classname="ProjectManager.Test.UserControllerTest" runstate="Runnable" seed="1932492152" result="Passed" start-time="2019-05-13 10:41:29Z" end-time="2019-05-13 10:41:29Z" duration="0.001498" asserts="1" />
          <test-case id="0-1042" name="TestInsertUser_Success" fullname="ProjectManager.Test.UserControllerTest.TestInsertUser_Success" methodname="TestInsertUser_Success" classname="ProjectManager.Test.UserControllerTest" runstate="Runnable" seed="212867225" result="Passed" start-time="2019-05-13 10:41:29Z" end-time="2019-05-13 10:41:29Z" duration="0.030974" asserts="2" />
          <test-case id="0-1055" name="TestInsertUser_UserNullException" fullname="ProjectManager.Test.UserControllerTest.TestInsertUser_UserNullException" methodname="TestInsertUser_UserNullException" classname="ProjectManager.Test.UserControllerTest" runstate="Runnable" seed="1267422987" result="Passed" start-time="2019-05-13 10:41:29Z" end-time="2019-05-13 10:41:29Z" duration="0.001395" asserts="1" />
          <test-case id="0-1051" name="TestUpdateUser_InvalidEmployeeId" fullname="ProjectManager.Test.UserControllerTest.TestUpdateUser_InvalidEmployeeId" methodname="TestUpdateUser_InvalidEmployeeId" classname="ProjectManager.Test.UserControllerTest" runstate="Runnable" seed="954143056" result="Passed" start-time="2019-05-13 10:41:29Z" end-time="2019-05-13 10:41:29Z" duration="0.001741" asserts="1" />
          <test-case id="0-1053" name="TestUpdateUser_InvalidProjectIdFormat" fullname="ProjectManager.Test.UserControllerTest.TestUpdateUser_InvalidProjectIdFormat" methodname="TestUpdateUser_InvalidProjectIdFormat" classname="ProjectManager.Test.UserControllerTest" runstate="Runnable" seed="92572905" result="Passed" start-time="2019-05-13 10:41:29Z" end-time="2019-05-13 10:41:29Z" duration="0.001143" asserts="1" />
          <test-case id="0-1052" name="TestUpdateUser_NegativeEmployeeId" fullname="ProjectManager.Test.UserControllerTest.TestUpdateUser_NegativeEmployeeId" methodname="TestUpdateUser_NegativeEmployeeId" classname="ProjectManager.Test.UserControllerTest" runstate="Runnable" seed="1610349309" result="Passed" start-time="2019-05-13 10:41:29Z" end-time="2019-05-13 10:41:29Z" duration="0.001147" asserts="1" />
          <test-case id="0-1054" name="TestUpdateUser_NegativeUserIdFormat" fullname="ProjectManager.Test.UserControllerTest.TestUpdateUser_NegativeUserIdFormat" methodname="TestUpdateUser_NegativeUserIdFormat" classname="ProjectManager.Test.UserControllerTest" runstate="Runnable" seed="1860572809" result="Passed" start-time="2019-05-13 10:41:29Z" end-time="2019-05-13 10:41:29Z" duration="0.001132" asserts="1" />
          <test-case id="0-1043" name="TestUpdateUser_Success" fullname="ProjectManager.Test.UserControllerTest.TestUpdateUser_Success" methodname="TestUpdateUser_Success" classname="ProjectManager.Test.UserControllerTest" runstate="Runnable" seed="1266068487" result="Passed" start-time="2019-05-13 10:41:29Z" end-time="2019-05-13 10:41:29Z" duration="0.003860" asserts="2" />
          <test-case id="0-1050" name="TestUpdateUser_UserNullException" fullname="ProjectManager.Test.UserControllerTest.TestUpdateUser_UserNullException" methodname="TestUpdateUser_UserNullException" classname="ProjectManager.Test.UserControllerTest" runstate="Runnable" seed="214196491" result="Passed" start-time="2019-05-13 10:41:29Z" end-time="2019-05-13 10:41:29Z" duration="0.001269" asserts="1" />
        </test-suite>
      </test-suite>
    </test-suite>
  </test-suite>
</test-run>